# JRE version: OpenJDK Runtime Environment (8.0_212) (build 1.8.0_212-release-1586-b4-5784211)
# Java VM: OpenJDK 64-Bit Server VM (25.212-b4-5784211 mixed mode linux-amd64 compressed oops)
Heap:
 PSYoungGen      total 410624K, used 33262K [0x00000000e0000000, 0x00000000fb500000, 0x0000000100000000)
  eden space 377344K, 0% used [0x00000000e0000000,0x00000000e0000000,0x00000000f7080000)
  from space 33280K, 99% used [0x00000000f7080000,0x00000000f90fb8e0,0x00000000f9100000)
  to   space 29184K, 0% used [0x00000000f9100000,0x00000000f9100000,0x00000000fad80000)
 ParOldGen       total 174080K, used 88377K [0x00000000a0000000, 0x00000000aaa00000, 0x00000000e0000000)
  object space 174080K, 50% used [0x00000000a0000000,0x00000000a564e4c0,0x00000000aaa00000)
 Metaspace       used 75397K, capacity 77656K, committed 77952K, reserved 1116160K
  class space    used 9963K, capacity 10543K, committed 10624K, reserved 1048576K
GC Heap History (10 events):
Event: 24.025 GC heap after
Heap after GC invocations=16 (full 3):
 PSYoungGen      total 339968K, used 327295K [0x00000000e0000000, 0x00000000f6a80000, 0x0000000100000000)
  eden space 309760K, 100% used [0x00000000e0000000,0x00000000f2e80000,0x00000000f2e80000)
  from space 30208K, 58% used [0x00000000f4c80000,0x00000000f5d9ffa8,0x00000000f6a00000)
  to   space 30720K, 99% used [0x00000000f2e80000,0x00000000f4c7bac0,0x00000000f4c80000)
 ParOldGen       total 121344K, used 120940K [0x00000000a0000000, 0x00000000a7680000, 0x00000000e0000000)
  object space 121344K, 99% used [0x00000000a0000000,0x00000000a761b1a8,0x00000000a7680000)
 Metaspace       used 69833K, capacity 72170K, committed 72448K, reserved 1112064K
  class space    used 9293K, capacity 9872K, committed 9984K, reserved 1048576K
}
Event: 24.025 GC heap before
{Heap before GC invocations=17 (full 4):
 PSYoungGen      total 339968K, used 327295K [0x00000000e0000000, 0x00000000f6a80000, 0x0000000100000000)
  eden space 309760K, 100% used [0x00000000e0000000,0x00000000f2e80000,0x00000000f2e80000)
  from space 30208K, 58% used [0x00000000f4c80000,0x00000000f5d9ffa8,0x00000000f6a00000)
  to   space 30720K, 99% used [0x00000000f2e80000,0x00000000f4c7bac0,0x00000000f4c80000)
 ParOldGen       total 121344K, used 120940K [0x00000000a0000000, 0x00000000a7680000, 0x00000000e0000000)
  object space 121344K, 99% used [0x00000000a0000000,0x00000000a761b1a8,0x00000000a7680000)
 Metaspace       used 69833K, capacity 72170K, committed 72448K, reserved 1112064K
  class space    used 9293K, capacity 9872K, committed 9984K, reserved 1048576K
Event: 24.991 GC heap after
Heap after GC invocations=17 (full 4):
 PSYoungGen      total 339968K, used 0K [0x00000000e0000000, 0x00000000f6a80000, 0x0000000100000000)
  eden space 309760K, 0% used [0x00000000e0000000,0x00000000e0000000,0x00000000f2e80000)
  from space 30208K, 0% used [0x00000000f4c80000,0x00000000f4c80000,0x00000000f6a00000)
  to   space 30720K, 85% used [0x00000000f2e80000,0x00000000f48467b0,0x00000000f4c80000)
 ParOldGen       total 195584K, used 121138K [0x00000000a0000000, 0x00000000abf00000, 0x00000000e0000000)
  object space 195584K, 61% used [0x00000000a0000000,0x00000000a764cb08,0x00000000abf00000)
 Metaspace       used 69789K, capacity 72050K, committed 72448K, reserved 1112064K
  class space    used 9280K, capacity 9848K, committed 9984K, reserved 1048576K
}
Event: 30.458 GC heap before
{Heap before GC invocations=18 (full 5):
 PSYoungGen      total 339968K, used 309760K [0x00000000e0000000, 0x00000000f6a80000, 0x0000000100000000)
  eden space 309760K, 100% used [0x00000000e0000000,0x00000000f2e80000,0x00000000f2e80000)
  from space 30208K, 0% used [0x00000000f4c80000,0x00000000f4c80000,0x00000000f6a00000)
  to   space 30720K, 85% used [0x00000000f2e80000,0x00000000f48467b0,0x00000000f4c80000)
 ParOldGen       total 195584K, used 121138K [0x00000000a0000000, 0x00000000abf00000, 0x00000000e0000000)
  object space 195584K, 61% used [0x00000000a0000000,0x00000000a764cb08,0x00000000abf00000)
 Metaspace       used 71847K, capacity 74098K, committed 74368K, reserved 1114112K
  class space    used 9425K, capacity 9976K, committed 10112K, reserved 1048576K
Event: 30.760 GC heap after
Heap after GC invocations=18 (full 5):
 PSYoungGen      total 339968K, used 0K [0x00000000e0000000, 0x00000000f6a80000, 0x0000000100000000)
  eden space 309760K, 0% used [0x00000000e0000000,0x00000000e0000000,0x00000000f2e80000)
  from space 30208K, 0% used [0x00000000f4c80000,0x00000000f4c80000,0x00000000f6a00000)
  to   space 30720K, 0% used [0x00000000f2e80000,0x00000000f2e80000,0x00000000f4c80000)
 ParOldGen       total 174080K, used 85838K [0x00000000a0000000, 0x00000000aaa00000, 0x00000000e0000000)
  object space 174080K, 49% used [0x00000000a0000000,0x00000000a53d39e8,0x00000000aaa00000)
 Metaspace       used 71595K, capacity 73794K, committed 74368K, reserved 1114112K
  class space    used 9403K, capacity 9936K, committed 10112K, reserved 1048576K
}
Event: 32.015 GC heap before
{Heap before GC invocations=19 (full 5):
 PSYoungGen      total 339968K, used 309760K [0x00000000e0000000, 0x00000000f6a80000, 0x0000000100000000)
  eden space 309760K, 100% used [0x00000000e0000000,0x00000000f2e80000,0x00000000f2e80000)
  from space 30208K, 0% used [0x00000000f4c80000,0x00000000f4c80000,0x00000000f6a00000)
  to   space 30720K, 0% used [0x00000000f2e80000,0x00000000f2e80000,0x00000000f4c80000)
 ParOldGen       total 174080K, used 85838K [0x00000000a0000000, 0x00000000aaa00000, 0x00000000e0000000)
  object space 174080K, 49% used [0x00000000a0000000,0x00000000a53d39e8,0x00000000aaa00000)
 Metaspace       used 71596K, capacity 73794K, committed 74368K, reserved 1114112K
  class space    used 9404K, capacity 9936K, committed 10112K, reserved 1048576K
Event: 32.029 GC heap after
Heap after GC invocations=19 (full 5):
 PSYoungGen      total 340480K, used 10400K [0x00000000e0000000, 0x00000000fad80000, 0x0000000100000000)
  eden space 309760K, 0% used [0x00000000e0000000,0x00000000e0000000,0x00000000f2e80000)
  from space 30720K, 33% used [0x00000000f2e80000,0x00000000f38a8080,0x00000000f4c80000)
  to   space 29184K, 0% used [0x00000000f9100000,0x00000000f9100000,0x00000000fad80000)
 ParOldGen       total 174080K, used 85838K [0x00000000a0000000, 0x00000000aaa00000, 0x00000000e0000000)
  object space 174080K, 49% used [0x00000000a0000000,0x00000000a53d39e8,0x00000000aaa00000)
 Metaspace       used 71596K, capacity 73794K, committed 74368K, reserved 1114112K
  class space    used 9404K, capacity 9936K, committed 10112K, reserved 1048576K
}
Event: 34.689 GC heap before
{Heap before GC invocations=20 (full 5):
 PSYoungGen      total 340480K, used 320160K [0x00000000e0000000, 0x00000000fad80000, 0x0000000100000000)
  eden space 309760K, 100% used [0x00000000e0000000,0x00000000f2e80000,0x00000000f2e80000)
  from space 30720K, 33% used [0x00000000f2e80000,0x00000000f38a8080,0x00000000f4c80000)
  to   space 29184K, 0% used [0x00000000f9100000,0x00000000f9100000,0x00000000fad80000)
 ParOldGen       total 174080K, used 85838K [0x00000000a0000000, 0x00000000aaa00000, 0x00000000e0000000)
  object space 174080K, 49% used [0x00000000a0000000,0x00000000a53d39e8,0x00000000aaa00000)
 Metaspace       used 75211K, capacity 77490K, committed 77696K, reserved 1116160K
  class space    used 9942K, capacity 10498K, committed 10624K, reserved 1048576K
Event: 34.770 GC heap after
Heap after GC invocations=20 (full 5):
 PSYoungGen      total 406528K, used 27541K [0x00000000e0000000, 0x00000000fb500000, 0x0000000100000000)
  eden space 377344K, 0% used [0x00000000e0000000,0x00000000e0000000,0x00000000f7080000)
  from space 29184K, 94% used [0x00000000f9100000,0x00000000fabe5578,0x00000000fad80000)
  to   space 33280K, 0% used [0x00000000f7080000,0x00000000f7080000,0x00000000f9100000)
 ParOldGen       total 174080K, used 85846K [0x00000000a0000000, 0x00000000aaa00000, 0x00000000e0000000)
  object space 174080K, 49% used [0x00000000a0000000,0x00000000a53d59e8,0x00000000aaa00000)
 Metaspace       used 75211K, capacity 77490K, committed 77696K, reserved 1116160K
  class space    used 9942K, capacity 10498K, committed 10624K, reserved 1048576K
}
Event: 37.267 GC heap before
{Heap before GC invocations=21 (full 5):
 PSYoungGen      total 406528K, used 404885K [0x00000000e0000000, 0x00000000fb500000, 0x0000000100000000)
  eden space 377344K, 100% used [0x00000000e0000000,0x00000000f7080000,0x00000000f7080000)
  from space 29184K, 94% used [0x00000000f9100000,0x00000000fabe5578,0x00000000fad80000)
  to   space 33280K, 0% used [0x00000000f7080000,0x00000000f7080000,0x00000000f9100000)
 ParOldGen       total 174080K, used 85846K [0x00000000a0000000, 0x00000000aaa00000, 0x00000000e0000000)
  object space 174080K, 49% used [0x00000000a0000000,0x00000000a53d59e8,0x00000000aaa00000)
 Metaspace       used 75397K, capacity 77656K, committed 77952K, reserved 1116160K
  class space    used 9963K, capacity 10543K, committed 10624K, reserved 1048576K

